22:53:29 [INFO] =================================================================
22:53:29 [INFO] Pipeline R01 -- Improved (feedback_round_01)
22:53:29 [INFO] Mode: FULL
22:53:29 [INFO] =================================================================
22:53:29 [INFO] Cleared stale model_comparison_r01.csv
22:53:29 [INFO] 
[1/6] Download + Preprocess
22:53:29 [INFO] Dataset already exists at F:\thinkprompt\code\HieuNganThesis\data\raw\bank.csv, skipping download.
22:53:29 [INFO] Loaded raw data: (41188, 21)
22:53:29 [INFO] Removed 12 duplicate rows. Shape: (41176, 21)
22:53:29 [INFO] Target distribution:
y
0    36537
1     4639
Name: count, dtype: int64
22:53:30 [INFO] OHE features: 56, LE features: 19
22:53:30 [INFO]   Rows=41176  Positive=11.27%
22:53:30 [INFO] 
[2/6] Feature engineering
22:53:30 [INFO] Chi2 selected 25 features from 56
22:53:30 [INFO] Correlation filter: dropped 2 features. Kept 17
22:53:30 [INFO] 
[3/6] Train/test split (80/20, stratified)
22:53:30 [INFO] 
[4/6] Running 24 experiments...

22:53:30 [INFO] -- [1/24] Baseline | OHE | None
22:53:30 [INFO]   >> Baseline__OHE__None
22:53:30 [INFO]   OK Baseline__OHE__None  Acc=0.8873 Prec=0.0000 Rec=0.0000 F1=0.0000 AUC=0.5 | CV_F1=0.0+/-0.0
22:53:30 [INFO] -- [2/24] LogisticRegression | OHE | None
22:53:30 [INFO]   >> LogisticRegression__OHE__None
22:53:32 [INFO]   OK LogisticRegression__OHE__None  Acc=0.8985 Prec=0.6554 Rec=0.2091 F1=0.3170 AUC=0.7997 | CV_F1=0.3405+/-0.0059
22:53:32 [INFO] -- [3/24] DecisionTree | OHE | None
22:53:32 [INFO]   >> DecisionTree__OHE__None
22:53:35 [INFO]   OK DecisionTree__OHE__None  Acc=0.8440 Prec=0.3173 Rec=0.3341 F1=0.3255 AUC=0.6233 | CV_F1=0.3287+/-0.0153
22:53:35 [INFO] -- [4/24] RandomForest | OHE | None
22:53:35 [INFO]   >> RandomForest__OHE__None
22:54:14 [INFO]   OK RandomForest__OHE__None  Acc=0.8925 Prec=0.5431 Rec=0.2920 F1=0.3798 AUC=0.781 | CV_F1=0.3737+/-0.0056
22:54:15 [INFO] -- [5/24] kNN | OHE | None
22:54:15 [INFO]   >> kNN__OHE__None
22:54:21 [INFO]   OK kNN__OHE__None  Acc=0.8905 Prec=0.5289 Rec=0.2565 F1=0.3454 AUC=0.7265 | CV_F1=0.3551+/-0.0132
22:54:21 [INFO] -- [6/24] NaiveBayes | OHE | None
22:54:21 [INFO]   >> NaiveBayes__OHE__None
22:54:21 [INFO]   OK NaiveBayes__OHE__None  Acc=0.8572 Prec=0.3885 Rec=0.4655 F1=0.4235 AUC=0.7757 | CV_F1=0.4178+/-0.0147
22:54:21 [INFO] -- [7/24] DecisionTree | LE | None
22:54:21 [INFO]   >> DecisionTree__LE__None
22:54:23 [INFO]   OK DecisionTree__LE__None  Acc=0.8413 Prec=0.3187 Rec=0.3588 F1=0.3376 AUC=0.6345 | CV_F1=0.3263+/-0.0125
22:54:23 [INFO] -- [8/24] RandomForest | LE | None
22:54:23 [INFO]   >> RandomForest__LE__None
22:55:00 [INFO]   OK RandomForest__LE__None  Acc=0.8935 Prec=0.5526 Rec=0.2888 F1=0.3793 AUC=0.7854 | CV_F1=0.3786+/-0.0126
22:55:00 [INFO] -- [9/24] Baseline | OHE | ClassWeight
22:55:00 [INFO]   >> Baseline__OHE__ClassWeight
22:55:00 [INFO]   OK Baseline__OHE__ClassWeight  Acc=0.8873 Prec=0.0000 Rec=0.0000 F1=0.0000 AUC=0.5 | CV_F1=0.0+/-0.0
22:55:00 [INFO] -- [10/24] LogisticRegression | OHE | ClassWeight
22:55:00 [INFO]   >> LogisticRegression__OHE__ClassWeight
22:55:02 [INFO]   OK LogisticRegression__OHE__ClassWeight  Acc=0.8312 Prec=0.3607 Rec=0.6444 F1=0.4625 AUC=0.7994 | CV_F1=0.4513+/-0.0084
22:55:02 [INFO] -- [11/24] DecisionTree | OHE | ClassWeight
22:55:02 [INFO]   >> DecisionTree__OHE__ClassWeight
22:55:05 [INFO]   OK DecisionTree__OHE__ClassWeight  Acc=0.8462 Prec=0.3199 Rec=0.3244 F1=0.3221 AUC=0.6187 | CV_F1=0.3251+/-0.0085
22:55:05 [INFO] -- [12/24] RandomForest | OHE | ClassWeight
22:55:05 [INFO]   >> RandomForest__OHE__ClassWeight
22:55:44 [INFO]   OK RandomForest__OHE__ClassWeight  Acc=0.8918 Prec=0.5372 Rec=0.2877 F1=0.3747 AUC=0.7803 | CV_F1=0.3636+/-0.0079
22:55:44 [INFO] -- [13/24] kNN | OHE | ClassWeight
22:55:44 [INFO]   >> kNN__OHE__ClassWeight
22:55:50 [INFO]   OK kNN__OHE__ClassWeight  Acc=0.8905 Prec=0.5289 Rec=0.2565 F1=0.3454 AUC=0.7265 | CV_F1=0.3551+/-0.0132
22:55:50 [INFO] -- [14/24] NaiveBayes | OHE | ClassWeight
22:55:50 [INFO]   >> NaiveBayes__OHE__ClassWeight
22:55:50 [INFO]   OK NaiveBayes__OHE__ClassWeight  Acc=0.8572 Prec=0.3885 Rec=0.4655 F1=0.4235 AUC=0.7757 | CV_F1=0.4178+/-0.0147
22:55:50 [INFO] -- [15/24] DecisionTree | LE | ClassWeight
22:55:50 [INFO]   >> DecisionTree__LE__ClassWeight
22:55:53 [INFO]   OK DecisionTree__LE__ClassWeight  Acc=0.8477 Prec=0.3316 Rec=0.3459 F1=0.3386 AUC=0.6292 | CV_F1=0.3248+/-0.0132
22:55:53 [INFO] -- [16/24] RandomForest | LE | ClassWeight
22:55:53 [INFO]   >> RandomForest__LE__ClassWeight
22:56:28 [INFO]   OK RandomForest__LE__ClassWeight  Acc=0.8932 Prec=0.5526 Rec=0.2716 F1=0.3642 AUC=0.7805 | CV_F1=0.3649+/-0.0139
22:56:28 [INFO] -- [17/24] Baseline | OHE | SMOTE
22:56:28 [INFO]   >> Baseline__OHE__SMOTE
22:56:28 [INFO]   OK Baseline__OHE__SMOTE  Acc=0.8873 Prec=0.0000 Rec=0.0000 F1=0.0000 AUC=0.5 | CV_F1=0.0+/-0.0
22:56:28 [INFO] -- [18/24] LogisticRegression | OHE | SMOTE
22:56:28 [INFO]   >> LogisticRegression__OHE__SMOTE
22:56:28 [INFO]     SMOTE done. Training size: 58458 (29229 pos)
22:56:30 [INFO]   OK LogisticRegression__OHE__SMOTE  Acc=0.8289 Prec=0.3583 Rec=0.6552 F1=0.4632 AUC=0.7971 | CV_F1=0.3405+/-0.0059
22:56:30 [INFO] -- [19/24] DecisionTree | OHE | SMOTE
22:56:30 [INFO]   >> DecisionTree__OHE__SMOTE
22:56:30 [INFO]     SMOTE done. Training size: 58458 (29229 pos)
22:56:33 [INFO]   OK DecisionTree__OHE__SMOTE  Acc=0.8456 Prec=0.3280 Rec=0.3534 F1=0.3402 AUC=0.6338 | CV_F1=0.3287+/-0.0153
22:56:33 [INFO] -- [20/24] RandomForest | OHE | SMOTE
22:56:33 [INFO]   >> RandomForest__OHE__SMOTE
22:56:33 [INFO]     SMOTE done. Training size: 58458 (29229 pos)
22:57:16 [INFO]   OK RandomForest__OHE__SMOTE  Acc=0.8888 Prec=0.5104 Rec=0.3179 F1=0.3918 AUC=0.7763 | CV_F1=0.3737+/-0.0056
22:57:16 [INFO] -- [21/24] kNN | OHE | SMOTE
22:57:16 [INFO]   >> kNN__OHE__SMOTE
22:57:16 [INFO]     SMOTE done. Training size: 58458 (29229 pos)
22:57:23 [INFO]   OK kNN__OHE__SMOTE  Acc=0.7961 Prec=0.2920 Rec=0.5679 F1=0.3857 AUC=0.7361 | CV_F1=0.3551+/-0.0132
22:57:23 [INFO] -- [22/24] NaiveBayes | OHE | SMOTE
22:57:23 [INFO]   >> NaiveBayes__OHE__SMOTE
22:57:23 [INFO]     SMOTE done. Training size: 58458 (29229 pos)
22:57:24 [INFO]   OK NaiveBayes__OHE__SMOTE  Acc=0.8428 Prec=0.3654 Rec=0.5366 F1=0.4347 AUC=0.7719 | CV_F1=0.4178+/-0.0147
22:57:24 [INFO] -- [23/24] DecisionTree | LE | SMOTE
22:57:24 [INFO]   >> DecisionTree__LE__SMOTE
22:57:24 [INFO]     SMOTE done. Training size: 58458 (29229 pos)
22:57:26 [INFO]   OK DecisionTree__LE__SMOTE  Acc=0.8322 Prec=0.2854 Rec=0.3254 F1=0.3041 AUC=0.6136 | CV_F1=0.3263+/-0.0125
22:57:26 [INFO] -- [24/24] RandomForest | LE | SMOTE
22:57:26 [INFO]   >> RandomForest__LE__SMOTE
22:57:26 [INFO]     SMOTE done. Training size: 58458 (29229 pos)
22:58:06 [INFO]   OK RandomForest__LE__SMOTE  Acc=0.8905 Prec=0.5217 Rec=0.3362 F1=0.4089 AUC=0.7794 | CV_F1=0.3786+/-0.0126
22:58:06 [INFO] 
[5/6] RF Hyperparameter Tuning (OHE)
22:58:06 [INFO]   [RF Tuning] Manual grid search starting...
22:58:18 [INFO]     params={'n_estimators': 100, 'max_depth': None, 'min_samples_leaf': 1}  CV_AUC=0.7733
22:58:28 [INFO]     params={'n_estimators': 100, 'max_depth': None, 'min_samples_leaf': 5}  CV_AUC=0.7936
22:58:35 [INFO]     params={'n_estimators': 100, 'max_depth': 10, 'min_samples_leaf': 1}  CV_AUC=0.7975
22:58:41 [INFO]     params={'n_estimators': 100, 'max_depth': 10, 'min_samples_leaf': 5}  CV_AUC=0.7985
22:59:06 [INFO]     params={'n_estimators': 200, 'max_depth': None, 'min_samples_leaf': 1}  CV_AUC=0.7764
22:59:26 [INFO]     params={'n_estimators': 200, 'max_depth': None, 'min_samples_leaf': 5}  CV_AUC=0.7946
22:59:40 [INFO]     params={'n_estimators': 200, 'max_depth': 10, 'min_samples_leaf': 1}  CV_AUC=0.7985
22:59:54 [INFO]     params={'n_estimators': 200, 'max_depth': 10, 'min_samples_leaf': 5}  CV_AUC=0.7986
22:59:54 [INFO]   [RF Tuning] Best params: {'n_estimators': 200, 'max_depth': 10, 'min_samples_leaf': 5}  AUC=0.7986
22:59:57 [INFO]   Tuned RF -> F1=0.3448  AUC=0.8092
22:59:57 [INFO]   Best params: {'n_estimators': 200, 'max_depth': 10, 'min_samples_leaf': 5}
22:59:57 [INFO] 
[5b/6] Wilcoxon significance test
